# JRE version: OpenJDK Runtime Environment Temurin-21.0.11+10 (21.0.11+10) (build 21.0.11+10-LTS)
# Java VM: OpenJDK 64-Bit Server VM Temurin-21.0.11+10 (21.0.11+10-LTS, mixed mode, sharing, tiered, compressed oops, compressed class ptrs, parallel gc, windows-amd64)
GC Precious Log:
 CardTable entry size: 512
 CPUs: 12 total, 12 available
 Memory: 16016M
 Large Page Support: Disabled
 NUMA Support: Disabled
 Compressed Oops: Enabled (32-bit)
 Alignments: Space 512K, Generation 512K, Heap 2M
 Heap Min Capacity: 100M
 Heap Initial Capacity: 100M
 Heap Max Capacity: 2G
 Pre-touch: Disabled
 Parallel Workers: 10
Heap:
 PSYoungGen      total 35840K, used 13647K [0x00000000d5580000, 0x00000000d7e00000, 0x0000000100000000)
  eden space 30720K, 29% used [0x00000000d5580000,0x00000000d5e532e0,0x00000000d7380000)
  from space 5120K, 90% used [0x00000000d7600000,0x00000000d7a80ae0,0x00000000d7b00000)
  to   space 3072K, 0% used [0x00000000d7b00000,0x00000000d7b00000,0x00000000d7e00000)
 ParOldGen       total 1138688K, used 1138349K [0x0000000080000000, 0x00000000c5800000, 0x00000000d5580000)
  object space 1138688K, 99% used [0x0000000080000000,0x00000000c57ab7e8,0x00000000c5800000)
 Metaspace       used 102308K, committed 104064K, reserved 1179648K
  class space    used 9980K, committed 10816K, reserved 1048576K
GC Heap History (20 events):
Event: 8387.015 GC heap before
{Heap before GC invocations=15070 (full 31):
 PSYoungGen      total 33280K, used 33277K [0x00000000d5580000, 0x00000000d8700000, 0x0000000100000000)
  eden space 30208K, 100% used [0x00000000d5580000,0x00000000d7300000,0x00000000d7300000)
  from space 3072K, 99% used [0x00000000d7300000,0x00000000d75ff600,0x00000000d7600000)
  to   space 7168K, 0% used [0x00000000d8000000,0x00000000d8000000,0x00000000d8700000)
 ParOldGen       total 1114112K, used 1113621K [0x0000000080000000, 0x00000000c4000000, 0x00000000d5580000)
  object space 1114112K, 99% used [0x0000000080000000,0x00000000c3f85690,0x00000000c4000000)
 Metaspace       used 102301K, committed 104064K, reserved 1179648K
  class space    used 9980K, committed 10816K, reserved 1048576K
}
Event: 8387.024 GC heap after
{Heap after GC invocations=15070 (full 31):
 PSYoungGen      total 40448K, used 4090K [0x00000000d5580000, 0x00000000d8400000, 0x0000000100000000)
  eden space 36352K, 0% used [0x00000000d5580000,0x00000000d5580000,0x00000000d7900000)
  from space 4096K, 99% used [0x00000000d8000000,0x00000000d83feb90,0x00000000d8400000)
  to   space 5120K, 0% used [0x00000000d7a00000,0x00000000d7a00000,0x00000000d7f00000)
 ParOldGen       total 1116672K, used 1116579K [0x0000000080000000, 0x00000000c4280000, 0x00000000d5580000)
  object space 1116672K, 99% used [0x0000000080000000,0x00000000c4268d50,0x00000000c4280000)
 Metaspace       used 102301K, committed 104064K, reserved 1179648K
  class space    used 9980K, committed 10816K, reserved 1048576K
}
Event: 8387.062 GC heap before
{Heap before GC invocations=15071 (full 31):
 PSYoungGen      total 40448K, used 40442K [0x00000000d5580000, 0x00000000d8400000, 0x0000000100000000)
  eden space 36352K, 100% used [0x00000000d5580000,0x00000000d7900000,0x00000000d7900000)
  from space 4096K, 99% used [0x00000000d8000000,0x00000000d83feb90,0x00000000d8400000)
  to   space 5120K, 0% used [0x00000000d7a00000,0x00000000d7a00000,0x00000000d7f00000)
 ParOldGen       total 1116672K, used 1116579K [0x0000000080000000, 0x00000000c4280000, 0x00000000d5580000)
  object space 1116672K, 99% used [0x0000000080000000,0x00000000c4268d50,0x00000000c4280000)
 Metaspace       used 102301K, committed 104064K, reserved 1179648K
  class space    used 9980K, committed 10816K, reserved 1048576K
}
Event: 8387.074 GC heap after
{Heap after GC invocations=15071 (full 31):
 PSYoungGen      total 42496K, used 4530K [0x00000000d5580000, 0x00000000d8a80000, 0x0000000100000000)
  eden space 37376K, 0% used [0x00000000d5580000,0x00000000d5580000,0x00000000d7a00000)
  from space 5120K, 88% used [0x00000000d7a00000,0x00000000d7e6c8b8,0x00000000d7f00000)
  to   space 5120K, 0% used [0x00000000d8580000,0x00000000d8580000,0x00000000d8a80000)
 ParOldGen       total 1120768K, used 1120452K [0x0000000080000000, 0x00000000c4680000, 0x00000000d5580000)
  object space 1120768K, 99% used [0x0000000080000000,0x00000000c4631078,0x00000000c4680000)
 Metaspace       used 102301K, committed 104064K, reserved 1179648K
  class space    used 9980K, committed 10816K, reserved 1048576K
}
Event: 8387.113 GC heap before
{Heap before GC invocations=15072 (full 31):
 PSYoungGen      total 42496K, used 41906K [0x00000000d5580000, 0x00000000d8a80000, 0x0000000100000000)
  eden space 37376K, 100% used [0x00000000d5580000,0x00000000d7a00000,0x00000000d7a00000)
  from space 5120K, 88% used [0x00000000d7a00000,0x00000000d7e6c8b8,0x00000000d7f00000)
  to   space 5120K, 0% used [0x00000000d8580000,0x00000000d8580000,0x00000000d8a80000)
 ParOldGen       total 1120768K, used 1120452K [0x0000000080000000, 0x00000000c4680000, 0x00000000d5580000)
  object space 1120768K, 99% used [0x0000000080000000,0x00000000c4631078,0x00000000c4680000)
 Metaspace       used 102303K, committed 104064K, reserved 1179648K
  class space    used 9980K, committed 10816K, reserved 1048576K
}
Event: 8387.124 GC heap after
{Heap after GC invocations=15072 (full 31):
 PSYoungGen      total 44544K, used 5100K [0x00000000d5580000, 0x00000000d9480000, 0x0000000100000000)
  eden space 39424K, 0% used [0x00000000d5580000,0x00000000d5580000,0x00000000d7c00000)
  from space 5120K, 99% used [0x00000000d8580000,0x00000000d8a7b078,0x00000000d8a80000)
  to   space 9728K, 0% used [0x00000000d7c00000,0x00000000d7c00000,0x00000000d8580000)
 ParOldGen       total 1124352K, used 1124306K [0x0000000080000000, 0x00000000c4a00000, 0x00000000d5580000)
  object space 1124352K, 99% used [0x0000000080000000,0x00000000c49f4860,0x00000000c4a00000)
 Metaspace       used 102303K, committed 104064K, reserved 1179648K
  class space    used 9980K, committed 10816K, reserved 1048576K
}
Event: 8387.261 GC heap before
{Heap before GC invocations=15073 (full 31):
 PSYoungGen      total 44544K, used 44524K [0x00000000d5580000, 0x00000000d9480000, 0x0000000100000000)
  eden space 39424K, 100% used [0x00000000d5580000,0x00000000d7c00000,0x00000000d7c00000)
  from space 5120K, 99% used [0x00000000d8580000,0x00000000d8a7b078,0x00000000d8a80000)
  to   space 9728K, 0% used [0x00000000d7c00000,0x00000000d7c00000,0x00000000d8580000)
 ParOldGen       total 1124352K, used 1124306K [0x0000000080000000, 0x00000000c4a00000, 0x00000000d5580000)
  object space 1124352K, 99% used [0x0000000080000000,0x00000000c49f4860,0x00000000c4a00000)
 Metaspace       used 102303K, committed 104064K, reserved 1179648K
  class space    used 9980K, committed 10816K, reserved 1048576K
}
Event: 8387.269 GC heap after
{Heap after GC invocations=15073 (full 31):
 PSYoungGen      total 43520K, used 5033K [0x00000000d5580000, 0x00000000d8800000, 0x0000000100000000)
  eden space 38400K, 0% used [0x00000000d5580000,0x00000000d5580000,0x00000000d7b00000)
  from space 5120K, 98% used [0x00000000d7c00000,0x00000000d80ea430,0x00000000d8100000)
  to   space 6656K, 0% used [0x00000000d8180000,0x00000000d8180000,0x00000000d8800000)
 ParOldGen       total 1129472K, used 1129233K [0x0000000080000000, 0x00000000c4f00000, 0x00000000d5580000)
  object space 1129472K, 99% used [0x0000000080000000,0x00000000c4ec4760,0x00000000c4f00000)
 Metaspace       used 102303K, committed 104064K, reserved 1179648K
  class space    used 9980K, committed 10816K, reserved 1048576K
}
Event: 8387.803 GC heap before
{Heap before GC invocations=15074 (full 31):
 PSYoungGen      total 43520K, used 43433K [0x00000000d5580000, 0x00000000d8800000, 0x0000000100000000)
  eden space 38400K, 100% used [0x00000000d5580000,0x00000000d7b00000,0x00000000d7b00000)
  from space 5120K, 98% used [0x00000000d7c00000,0x00000000d80ea430,0x00000000d8100000)
  to   space 6656K, 0% used [0x00000000d8180000,0x00000000d8180000,0x00000000d8800000)
 ParOldGen       total 1129472K, used 1129233K [0x0000000080000000, 0x00000000c4f00000, 0x00000000d5580000)
  object space 1129472K, 99% used [0x0000000080000000,0x00000000c4ec4760,0x00000000c4f00000)
 Metaspace       used 102303K, committed 104064K, reserved 1179648K
  class space    used 9980K, committed 10816K, reserved 1048576K
}
Event: 8387.809 GC heap after
{Heap after GC invocations=15074 (full 31):
 PSYoungGen      total 39936K, used 6648K [0x00000000d5580000, 0x00000000d9100000, 0x0000000100000000)
  eden space 33280K, 0% used [0x00000000d5580000,0x00000000d5580000,0x00000000d7600000)
  from space 6656K, 99% used [0x00000000d8180000,0x00000000d87fe050,0x00000000d8800000)
  to   space 11776K, 0% used [0x00000000d7600000,0x00000000d7600000,0x00000000d8180000)
 ParOldGen       total 1133568K, used 1133328K [0x0000000080000000, 0x00000000c5300000, 0x00000000d5580000)
  object space 1133568K, 99% used [0x0000000080000000,0x00000000c52c4388,0x00000000c5300000)
 Metaspace       used 102303K, committed 104064K, reserved 1179648K
  class space    used 9980K, committed 10816K, reserved 1048576K
}
Event: 8414.409 GC heap before
{Heap before GC invocations=15075 (full 31):
 PSYoungGen      total 39936K, used 39928K [0x00000000d5580000, 0x00000000d9100000, 0x0000000100000000)
  eden space 33280K, 100% used [0x00000000d5580000,0x00000000d7600000,0x00000000d7600000)
  from space 6656K, 99% used [0x00000000d8180000,0x00000000d87fe050,0x00000000d8800000)
  to   space 11776K, 0% used [0x00000000d7600000,0x00000000d7600000,0x00000000d8180000)
 ParOldGen       total 1133568K, used 1133328K [0x0000000080000000, 0x00000000c5300000, 0x00000000d5580000)
  object space 1133568K, 99% used [0x0000000080000000,0x00000000c52c4388,0x00000000c5300000)
 Metaspace       used 102303K, committed 104064K, reserved 1179648K
  class space    used 9980K, committed 10816K, reserved 1048576K
}
Event: 8414.417 GC heap after
{Heap after GC invocations=15075 (full 31):
 PSYoungGen      total 39936K, used 6705K [0x00000000d5580000, 0x00000000d8580000, 0x0000000100000000)
  eden space 32768K, 0% used [0x00000000d5580000,0x00000000d5580000,0x00000000d7580000)
  from space 7168K, 93% used [0x00000000d7600000,0x00000000d7c8c4d0,0x00000000d7d00000)
  to   space 8192K, 0% used [0x00000000d7d80000,0x00000000d7d80000,0x00000000d8580000)
 ParOldGen       total 1135104K, used 1134981K [0x0000000080000000, 0x00000000c5480000, 0x00000000d5580000)
  object space 1135104K, 99% used [0x0000000080000000,0x00000000c54615d8,0x00000000c5480000)
 Metaspace       used 102303K, committed 104064K, reserved 1179648K
  class space    used 9980K, committed 10816K, reserved 1048576K
}
Event: 8422.886 GC heap before
{Heap before GC invocations=15076 (full 31):
 PSYoungGen      total 39936K, used 39473K [0x00000000d5580000, 0x00000000d8580000, 0x0000000100000000)
  eden space 32768K, 100% used [0x00000000d5580000,0x00000000d7580000,0x00000000d7580000)
  from space 7168K, 93% used [0x00000000d7600000,0x00000000d7c8c4d0,0x00000000d7d00000)
  to   space 8192K, 0% used [0x00000000d7d80000,0x00000000d7d80000,0x00000000d8580000)
 ParOldGen       total 1135104K, used 1134981K [0x0000000080000000, 0x00000000c5480000, 0x00000000d5580000)
  object space 1135104K, 99% used [0x0000000080000000,0x00000000c54615d8,0x00000000c5480000)
 Metaspace       used 102304K, committed 104064K, reserved 1179648K
  class space    used 9980K, committed 10816K, reserved 1048576K
}
Event: 8422.890 GC heap after
{Heap after GC invocations=15076 (full 31):
 PSYoungGen      total 39424K, used 6810K [0x00000000d5580000, 0x00000000d8480000, 0x0000000100000000)
  eden space 32256K, 0% used [0x00000000d5580000,0x00000000d5580000,0x00000000d7500000)
  from space 7168K, 95% used [0x00000000d7d80000,0x00000000d8426ac0,0x00000000d8480000)
  to   space 7168K, 0% used [0x00000000d7680000,0x00000000d7680000,0x00000000d7d80000)
 ParOldGen       total 1136128K, used 1135670K [0x0000000080000000, 0x00000000c5580000, 0x00000000d5580000)
  object space 1136128K, 99% used [0x0000000080000000,0x00000000c550dae0,0x00000000c5580000)
 Metaspace       used 102304K, committed 104064K, reserved 1179648K
  class space    used 9980K, committed 10816K, reserved 1048576K
}
Event: 8425.484 GC heap before
{Heap before GC invocations=15077 (full 31):
 PSYoungGen      total 39424K, used 39066K [0x00000000d5580000, 0x00000000d8480000, 0x0000000100000000)
  eden space 32256K, 100% used [0x00000000d5580000,0x00000000d7500000,0x00000000d7500000)
  from space 7168K, 95% used [0x00000000d7d80000,0x00000000d8426ac0,0x00000000d8480000)
  to   space 7168K, 0% used [0x00000000d7680000,0x00000000d7680000,0x00000000d7d80000)
 ParOldGen       total 1136128K, used 1135670K [0x0000000080000000, 0x00000000c5580000, 0x00000000d5580000)
  object space 1136128K, 99% used [0x0000000080000000,0x00000000c550dae0,0x00000000c5580000)
 Metaspace       used 102305K, committed 104064K, reserved 1179648K
  class space    used 9980K, committed 10816K, reserved 1048576K
}
Event: 8425.488 GC heap after
{Heap after GC invocations=15077 (full 31):
 PSYoungGen      total 38912K, used 7140K [0x00000000d5580000, 0x00000000d8480000, 0x0000000100000000)
  eden space 31744K, 0% used [0x00000000d5580000,0x00000000d5580000,0x00000000d7480000)
  from space 7168K, 99% used [0x00000000d7680000,0x00000000d7d79110,0x00000000d7d80000)
  to   space 7168K, 0% used [0x00000000d7d80000,0x00000000d7d80000,0x00000000d8480000)
 ParOldGen       total 1136640K, used 1136492K [0x0000000080000000, 0x00000000c5600000, 0x00000000d5580000)
  object space 1136640K, 99% used [0x0000000080000000,0x00000000c55db2c0,0x00000000c5600000)
 Metaspace       used 102305K, committed 104064K, reserved 1179648K
  class space    used 9980K, committed 10816K, reserved 1048576K
}
Event: 8426.630 GC heap before
{Heap before GC invocations=15078 (full 31):
 PSYoungGen      total 38912K, used 38707K [0x00000000d5580000, 0x00000000d8480000, 0x0000000100000000)
  eden space 31744K, 99% used [0x00000000d5580000,0x00000000d7453e18,0x00000000d7480000)
  from space 7168K, 99% used [0x00000000d7680000,0x00000000d7d79110,0x00000000d7d80000)
  to   space 7168K, 0% used [0x00000000d7d80000,0x00000000d7d80000,0x00000000d8480000)
 ParOldGen       total 1136640K, used 1136492K [0x0000000080000000, 0x00000000c5600000, 0x00000000d5580000)
  object space 1136640K, 99% used [0x0000000080000000,0x00000000c55db2c0,0x00000000c5600000)
 Metaspace       used 102305K, committed 104064K, reserved 1179648K
  class space    used 9980K, committed 10816K, reserved 1048576K
}
Event: 8426.635 GC heap after
{Heap after GC invocations=15078 (full 31):
 PSYoungGen      total 36864K, used 5523K [0x00000000d5580000, 0x00000000d8300000, 0x0000000100000000)
  eden space 31232K, 0% used [0x00000000d5580000,0x00000000d5580000,0x00000000d7400000)
  from space 5632K, 98% used [0x00000000d7d80000,0x00000000d82e4e58,0x00000000d8300000)
  to   space 6656K, 0% used [0x00000000d7600000,0x00000000d7600000,0x00000000d7c80000)
 ParOldGen       total 1138176K, used 1137773K [0x0000000080000000, 0x00000000c5780000, 0x00000000d5580000)
  object space 1138176K, 99% used [0x0000000080000000,0x00000000c571b7c8,0x00000000c5780000)
 Metaspace       used 102305K, committed 104064K, reserved 1179648K
  class space    used 9980K, committed 10816K, reserved 1048576K
}
Event: 8428.279 GC heap before
{Heap before GC invocations=15079 (full 31):
 PSYoungGen      total 36864K, used 36755K [0x00000000d5580000, 0x00000000d8300000, 0x0000000100000000)
  eden space 31232K, 100% used [0x00000000d5580000,0x00000000d7400000,0x00000000d7400000)
  from space 5632K, 98% used [0x00000000d7d80000,0x00000000d82e4e58,0x00000000d8300000)
  to   space 6656K, 0% used [0x00000000d7600000,0x00000000d7600000,0x00000000d7c80000)
 ParOldGen       total 1138176K, used 1137773K [0x0000000080000000, 0x00000000c5780000, 0x00000000d5580000)
  object space 1138176K, 99% used [0x0000000080000000,0x00000000c571b7c8,0x00000000c5780000)
 Metaspace       used 102308K, committed 104064K, reserved 1179648K
  class space    used 9980K, committed 10816K, reserved 1048576K
}
Event: 8428.284 GC heap after
{Heap after GC invocations=15079 (full 31):
 PSYoungGen      total 35840K, used 4610K [0x00000000d5580000, 0x00000000d7e00000, 0x0000000100000000)
  eden space 30720K, 0% used [0x00000000d5580000,0x00000000d5580000,0x00000000d7380000)
  from space 5120K, 90% used [0x00000000d7600000,0x00000000d7a80ae0,0x00000000d7b00000)
  to   space 3072K, 0% used [0x00000000d7b00000,0x00000000d7b00000,0x00000000d7e00000)
 ParOldGen       total 1138688K, used 1138349K [0x0000000080000000, 0x00000000c5800000, 0x00000000d5580000)
  object space 1138688K, 99% used [0x0000000080000000,0x00000000c57ab7e8,0x00000000c5800000)
 Metaspace       used 102308K, committed 104064K, reserved 1179648K
  class space    used 9980K, committed 10816K, reserved 1048576K
}

